[2024-10-03 15:12:49] local.ERROR: SQLSTATE[08006] [7] fe_sendauth: no password supplied (Connection: pgsql, SQL: select c.relname as name, n.nspname as schema, pg_total_relation_size(c.oid) as size, obj_description(c.oid, 'pg_class') as comment from pg_class c, pg_namespace n where c.relkind in ('r', 'p') and n.oid = c.relnamespace and n.nspname not in ('pg_catalog', 'information_schema') order by c.relname) {"exception":"[object] (Illuminate\\Database\\QueryException(code: 7): SQLSTATE[08006] [7] fe_sendauth: no password supplied (Connection: pgsql, SQL: select c.relname as name, n.nspname as schema, pg_total_relation_size(c.oid) as size, obj_description(c.oid, 'pg_class') as comment from pg_class c, pg_namespace n where c.relkind in ('r', 'p') and n.oid = c.relnamespace and n.nspname not in ('pg_catalog', 'information_schema') order by c.relname) at C:\\Users\\oscar\\OneDrive\\Documentos\\GitHub\\ponylink-backend\\PonyLink\\vendor\\laravel\\framework\\src\\Illuminate\\Database\\Connection.php:825)
[stacktrace]
#0 C:\\Users\\oscar\\OneDrive\\Documentos\\GitHub\\ponylink-backend\\PonyLink\\vendor\\laravel\\framework\\src\\Illuminate\\Database\\Connection.php(779): Illuminate\\Database\\Connection->runQueryCallback()
#1 C:\\Users\\oscar\\OneDrive\\Documentos\\GitHub\\ponylink-backend\\PonyLink\\vendor\\laravel\\framework\\src\\Illuminate\\Database\\Connection.php(398): Illuminate\\Database\\Connection->run()
#2 C:\\Users\\oscar\\OneDrive\\Documentos\\GitHub\\ponylink-backend\\PonyLink\\vendor\\laravel\\framework\\src\\Illuminate\\Database\\Connection.php(385): Illuminate\\Database\\Connection->select()
#3 C:\\Users\\oscar\\OneDrive\\Documentos\\GitHub\\ponylink-backend\\PonyLink\\vendor\\laravel\\framework\\src\\Illuminate\\Database\\Schema\\Builder.php(184): Illuminate\\Database\\Connection->selectFromWriteConnection()
#4 C:\\Users\\oscar\\OneDrive\\Documentos\\GitHub\\ponylink-backend\\PonyLink\\vendor\\laravel\\framework\\src\\Illuminate\\Database\\Schema\\PostgresBuilder.php(52): Illuminate\\Database\\Schema\\Builder->getTables()
#5 C:\\Users\\oscar\\OneDrive\\Documentos\\GitHub\\ponylink-backend\\PonyLink\\vendor\\laravel\\framework\\src\\Illuminate\\Database\\Migrations\\DatabaseMigrationRepository.php(184): Illuminate\\Database\\Schema\\PostgresBuilder->hasTable()
#6 C:\\Users\\oscar\\OneDrive\\Documentos\\GitHub\\ponylink-backend\\PonyLink\\vendor\\laravel\\framework\\src\\Illuminate\\Database\\Migrations\\Migrator.php(680): Illuminate\\Database\\Migrations\\DatabaseMigrationRepository->repositoryExists()
#7 C:\\Users\\oscar\\OneDrive\\Documentos\\GitHub\\ponylink-backend\\PonyLink\\vendor\\laravel\\framework\\src\\Illuminate\\Database\\Console\\Migrations\\MigrateCommand.php(164): Illuminate\\Database\\Migrations\\Migrator->repositoryExists()
#8 C:\\Users\\oscar\\OneDrive\\Documentos\\GitHub\\ponylink-backend\\PonyLink\\vendor\\laravel\\framework\\src\\Illuminate\\Support\\helpers.php(319): Illuminate\\Database\\Console\\Migrations\\MigrateCommand->Illuminate\\Database\\Console\\Migrations\\{closure}()
#9 C:\\Users\\oscar\\OneDrive\\Documentos\\GitHub\\ponylink-backend\\PonyLink\\vendor\\laravel\\framework\\src\\Illuminate\\Database\\Console\\Migrations\\MigrateCommand.php(164): retry()
#10 C:\\Users\\oscar\\OneDrive\\Documentos\\GitHub\\ponylink-backend\\PonyLink\\vendor\\laravel\\framework\\src\\Illuminate\\Database\\Console\\Migrations\\MigrateCommand.php(140): Illuminate\\Database\\Console\\Migrations\\MigrateCommand->repositoryExists()
#11 C:\\Users\\oscar\\OneDrive\\Documentos\\GitHub\\ponylink-backend\\PonyLink\\vendor\\laravel\\framework\\src\\Illuminate\\Database\\Console\\Migrations\\MigrateCommand.php(110): Illuminate\\Database\\Console\\Migrations\\MigrateCommand->prepareDatabase()
#12 C:\\Users\\oscar\\OneDrive\\Documentos\\GitHub\\ponylink-backend\\PonyLink\\vendor\\laravel\\framework\\src\\Illuminate\\Database\\Migrations\\Migrator.php(615): Illuminate\\Database\\Console\\Migrations\\MigrateCommand->Illuminate\\Database\\Console\\Migrations\\{closure}()
#13 C:\\Users\\oscar\\OneDrive\\Documentos\\GitHub\\ponylink-backend\\PonyLink\\vendor\\laravel\\framework\\src\\Illuminate\\Database\\Console\\Migrations\\MigrateCommand.php(109): Illuminate\\Database\\Migrations\\Migrator->usingConnection()
#14 C:\\Users\\oscar\\OneDrive\\Documentos\\GitHub\\ponylink-backend\\PonyLink\\vendor\\laravel\\framework\\src\\Illuminate\\Database\\Console\\Migrations\\MigrateCommand.php(88): Illuminate\\Database\\Console\\Migrations\\MigrateCommand->runMigrations()
#15 C:\\Users\\oscar\\OneDrive\\Documentos\\GitHub\\ponylink-backend\\PonyLink\\vendor\\laravel\\framework\\src\\Illuminate\\Container\\BoundMethod.php(36): Illuminate\\Database\\Console\\Migrations\\MigrateCommand->handle()
#16 C:\\Users\\oscar\\OneDrive\\Documentos\\GitHub\\ponylink-backend\\PonyLink\\vendor\\laravel\\framework\\src\\Illuminate\\Container\\Util.php(43): Illuminate\\Container\\BoundMethod::Illuminate\\Container\\{closure}()
#17 C:\\Users\\oscar\\OneDrive\\Documentos\\GitHub\\ponylink-backend\\PonyLink\\vendor\\laravel\\framework\\src\\Illuminate\\Container\\BoundMethod.php(95): Illuminate\\Container\\Util::unwrapIfClosure()
#18 C:\\Users\\oscar\\OneDrive\\Documentos\\GitHub\\ponylink-backend\\PonyLink\\vendor\\laravel\\framework\\src\\Illuminate\\Container\\BoundMethod.php(35): Illuminate\\Container\\BoundMethod::callBoundMethod()
#19 C:\\Users\\oscar\\OneDrive\\Documentos\\GitHub\\ponylink-backend\\PonyLink\\vendor\\laravel\\framework\\src\\Illuminate\\Container\\Container.php(690): Illuminate\\Container\\BoundMethod::call()
#20 C:\\Users\\oscar\\OneDrive\\Documentos\\GitHub\\ponylink-backend\\PonyLink\\vendor\\laravel\\framework\\src\\Illuminate\\Console\\Command.php(213): Illuminate\\Container\\Container->call()
#21 C:\\Users\\oscar\\OneDrive\\Documentos\\GitHub\\ponylink-backend\\PonyLink\\vendor\\symfony\\console\\Command\\Command.php(279): Illuminate\\Console\\Command->execute()
#22 C:\\Users\\oscar\\OneDrive\\Documentos\\GitHub\\ponylink-backend\\PonyLink\\vendor\\laravel\\framework\\src\\Illuminate\\Console\\Command.php(182): Symfony\\Component\\Console\\Command\\Command->run()
#23 C:\\Users\\oscar\\OneDrive\\Documentos\\GitHub\\ponylink-backend\\PonyLink\\vendor\\laravel\\framework\\src\\Illuminate\\Console\\Concerns\\CallsCommands.php(67): Illuminate\\Console\\Command->run()
#24 C:\\Users\\oscar\\OneDrive\\Documentos\\GitHub\\ponylink-backend\\PonyLink\\vendor\\laravel\\framework\\src\\Illuminate\\Console\\Concerns\\CallsCommands.php(28): Illuminate\\Console\\Command->runCommand()
#25 C:\\Users\\oscar\\OneDrive\\Documentos\\GitHub\\ponylink-backend\\PonyLink\\vendor\\laravel\\framework\\src\\Illuminate\\Foundation\\Console\\ApiInstallCommand.php(78): Illuminate\\Console\\Command->call()
#26 C:\\Users\\oscar\\OneDrive\\Documentos\\GitHub\\ponylink-backend\\PonyLink\\vendor\\laravel\\framework\\src\\Illuminate\\Container\\BoundMethod.php(36): Illuminate\\Foundation\\Console\\ApiInstallCommand->handle()
#27 C:\\Users\\oscar\\OneDrive\\Documentos\\GitHub\\ponylink-backend\\PonyLink\\vendor\\laravel\\framework\\src\\Illuminate\\Container\\Util.php(43): Illuminate\\Container\\BoundMethod::Illuminate\\Container\\{closure}()
#28 C:\\Users\\oscar\\OneDrive\\Documentos\\GitHub\\ponylink-backend\\PonyLink\\vendor\\laravel\\framework\\src\\Illuminate\\Container\\BoundMethod.php(95): Illuminate\\Container\\Util::unwrapIfClosure()
#29 C:\\Users\\oscar\\OneDrive\\Documentos\\GitHub\\ponylink-backend\\PonyLink\\vendor\\laravel\\framework\\src\\Illuminate\\Container\\BoundMethod.php(35): Illuminate\\Container\\BoundMethod::callBoundMethod()
#30 C:\\Users\\oscar\\OneDrive\\Documentos\\GitHub\\ponylink-backend\\PonyLink\\vendor\\laravel\\framework\\src\\Illuminate\\Container\\Container.php(690): Illuminate\\Container\\BoundMethod::call()
#31 C:\\Users\\oscar\\OneDrive\\Documentos\\GitHub\\ponylink-backend\\PonyLink\\vendor\\laravel\\framework\\src\\Illuminate\\Console\\Command.php(213): Illuminate\\Container\\Container->call()
#32 C:\\Users\\oscar\\OneDrive\\Documentos\\GitHub\\ponylink-backend\\PonyLink\\vendor\\symfony\\console\\Command\\Command.php(279): Illuminate\\Console\\Command->execute()
#33 C:\\Users\\oscar\\OneDrive\\Documentos\\GitHub\\ponylink-backend\\PonyLink\\vendor\\laravel\\framework\\src\\Illuminate\\Console\\Command.php(182): Symfony\\Component\\Console\\Command\\Command->run()
#34 C:\\Users\\oscar\\OneDrive\\Documentos\\GitHub\\ponylink-backend\\PonyLink\\vendor\\symfony\\console\\Application.php(1047): Illuminate\\Console\\Command->run()
#35 C:\\Users\\oscar\\OneDrive\\Documentos\\GitHub\\ponylink-backend\\PonyLink\\vendor\\symfony\\console\\Application.php(316): Symfony\\Component\\Console\\Application->doRunCommand()
#36 C:\\Users\\oscar\\OneDrive\\Documentos\\GitHub\\ponylink-backend\\PonyLink\\vendor\\symfony\\console\\Application.php(167): Symfony\\Component\\Console\\Application->doRun()
#37 C:\\Users\\oscar\\OneDrive\\Documentos\\GitHub\\ponylink-backend\\PonyLink\\vendor\\laravel\\framework\\src\\Illuminate\\Foundation\\Console\\Kernel.php(197): Symfony\\Component\\Console\\Application->run()
#38 C:\\Users\\oscar\\OneDrive\\Documentos\\GitHub\\ponylink-backend\\PonyLink\\vendor\\laravel\\framework\\src\\Illuminate\\Foundation\\Application.php(1203): Illuminate\\Foundation\\Console\\Kernel->handle()
#39 C:\\Users\\oscar\\OneDrive\\Documentos\\GitHub\\ponylink-backend\\PonyLink\\artisan(13): Illuminate\\Foundation\\Application->handleCommand()
#40 {main}

[previous exception] [object] (PDOException(code: 7): SQLSTATE[08006] [7] fe_sendauth: no password supplied at C:\\Users\\oscar\\OneDrive\\Documentos\\GitHub\\ponylink-backend\\PonyLink\\vendor\\laravel\\framework\\src\\Illuminate\\Database\\Connectors\\Connector.php:66)
[stacktrace]
#0 C:\\Users\\oscar\\OneDrive\\Documentos\\GitHub\\ponylink-backend\\PonyLink\\vendor\\laravel\\framework\\src\\Illuminate\\Database\\Connectors\\Connector.php(66): PDO->__construct()
#1 C:\\Users\\oscar\\OneDrive\\Documentos\\GitHub\\ponylink-backend\\PonyLink\\vendor\\laravel\\framework\\src\\Illuminate\\Database\\Connectors\\Connector.php(44): Illuminate\\Database\\Connectors\\Connector->createPdoConnection()
#2 C:\\Users\\oscar\\OneDrive\\Documentos\\GitHub\\ponylink-backend\\PonyLink\\vendor\\laravel\\framework\\src\\Illuminate\\Database\\Connectors\\PostgresConnector.php(35): Illuminate\\Database\\Connectors\\Connector->createConnection()
#3 C:\\Users\\oscar\\OneDrive\\Documentos\\GitHub\\ponylink-backend\\PonyLink\\vendor\\laravel\\framework\\src\\Illuminate\\Database\\Connectors\\ConnectionFactory.php(185): Illuminate\\Database\\Connectors\\PostgresConnector->connect()
#4 [internal function]: Illuminate\\Database\\Connectors\\ConnectionFactory->Illuminate\\Database\\Connectors\\{closure}()
#5 C:\\Users\\oscar\\OneDrive\\Documentos\\GitHub\\ponylink-backend\\PonyLink\\vendor\\laravel\\framework\\src\\Illuminate\\Database\\Connection.php(1231): call_user_func()
#6 C:\\Users\\oscar\\OneDrive\\Documentos\\GitHub\\ponylink-backend\\PonyLink\\vendor\\laravel\\framework\\src\\Illuminate\\Database\\Connection.php(512): Illuminate\\Database\\Connection->getPdo()
#7 C:\\Users\\oscar\\OneDrive\\Documentos\\GitHub\\ponylink-backend\\PonyLink\\vendor\\laravel\\framework\\src\\Illuminate\\Database\\Connection.php(407): Illuminate\\Database\\Connection->getPdoForSelect()
#8 C:\\Users\\oscar\\OneDrive\\Documentos\\GitHub\\ponylink-backend\\PonyLink\\vendor\\laravel\\framework\\src\\Illuminate\\Database\\Connection.php(812): Illuminate\\Database\\Connection->Illuminate\\Database\\{closure}()
#9 C:\\Users\\oscar\\OneDrive\\Documentos\\GitHub\\ponylink-backend\\PonyLink\\vendor\\laravel\\framework\\src\\Illuminate\\Database\\Connection.php(779): Illuminate\\Database\\Connection->runQueryCallback()
#10 C:\\Users\\oscar\\OneDrive\\Documentos\\GitHub\\ponylink-backend\\PonyLink\\vendor\\laravel\\framework\\src\\Illuminate\\Database\\Connection.php(398): Illuminate\\Database\\Connection->run()
#11 C:\\Users\\oscar\\OneDrive\\Documentos\\GitHub\\ponylink-backend\\PonyLink\\vendor\\laravel\\framework\\src\\Illuminate\\Database\\Connection.php(385): Illuminate\\Database\\Connection->select()
#12 C:\\Users\\oscar\\OneDrive\\Documentos\\GitHub\\ponylink-backend\\PonyLink\\vendor\\laravel\\framework\\src\\Illuminate\\Database\\Schema\\Builder.php(184): Illuminate\\Database\\Connection->selectFromWriteConnection()
#13 C:\\Users\\oscar\\OneDrive\\Documentos\\GitHub\\ponylink-backend\\PonyLink\\vendor\\laravel\\framework\\src\\Illuminate\\Database\\Schema\\PostgresBuilder.php(52): Illuminate\\Database\\Schema\\Builder->getTables()
#14 C:\\Users\\oscar\\OneDrive\\Documentos\\GitHub\\ponylink-backend\\PonyLink\\vendor\\laravel\\framework\\src\\Illuminate\\Database\\Migrations\\DatabaseMigrationRepository.php(184): Illuminate\\Database\\Schema\\PostgresBuilder->hasTable()
#15 C:\\Users\\oscar\\OneDrive\\Documentos\\GitHub\\ponylink-backend\\PonyLink\\vendor\\laravel\\framework\\src\\Illuminate\\Database\\Migrations\\Migrator.php(680): Illuminate\\Database\\Migrations\\DatabaseMigrationRepository->repositoryExists()
#16 C:\\Users\\oscar\\OneDrive\\Documentos\\GitHub\\ponylink-backend\\PonyLink\\vendor\\laravel\\framework\\src\\Illuminate\\Database\\Console\\Migrations\\MigrateCommand.php(164): Illuminate\\Database\\Migrations\\Migrator->repositoryExists()
#17 C:\\Users\\oscar\\OneDrive\\Documentos\\GitHub\\ponylink-backend\\PonyLink\\vendor\\laravel\\framework\\src\\Illuminate\\Support\\helpers.php(319): Illuminate\\Database\\Console\\Migrations\\MigrateCommand->Illuminate\\Database\\Console\\Migrations\\{closure}()
#18 C:\\Users\\oscar\\OneDrive\\Documentos\\GitHub\\ponylink-backend\\PonyLink\\vendor\\laravel\\framework\\src\\Illuminate\\Database\\Console\\Migrations\\MigrateCommand.php(164): retry()
#19 C:\\Users\\oscar\\OneDrive\\Documentos\\GitHub\\ponylink-backend\\PonyLink\\vendor\\laravel\\framework\\src\\Illuminate\\Database\\Console\\Migrations\\MigrateCommand.php(140): Illuminate\\Database\\Console\\Migrations\\MigrateCommand->repositoryExists()
#20 C:\\Users\\oscar\\OneDrive\\Documentos\\GitHub\\ponylink-backend\\PonyLink\\vendor\\laravel\\framework\\src\\Illuminate\\Database\\Console\\Migrations\\MigrateCommand.php(110): Illuminate\\Database\\Console\\Migrations\\MigrateCommand->prepareDatabase()
#21 C:\\Users\\oscar\\OneDrive\\Documentos\\GitHub\\ponylink-backend\\PonyLink\\vendor\\laravel\\framework\\src\\Illuminate\\Database\\Migrations\\Migrator.php(615): Illuminate\\Database\\Console\\Migrations\\MigrateCommand->Illuminate\\Database\\Console\\Migrations\\{closure}()
#22 C:\\Users\\oscar\\OneDrive\\Documentos\\GitHub\\ponylink-backend\\PonyLink\\vendor\\laravel\\framework\\src\\Illuminate\\Database\\Console\\Migrations\\MigrateCommand.php(109): Illuminate\\Database\\Migrations\\Migrator->usingConnection()
#23 C:\\Users\\oscar\\OneDrive\\Documentos\\GitHub\\ponylink-backend\\PonyLink\\vendor\\laravel\\framework\\src\\Illuminate\\Database\\Console\\Migrations\\MigrateCommand.php(88): Illuminate\\Database\\Console\\Migrations\\MigrateCommand->runMigrations()
#24 C:\\Users\\oscar\\OneDrive\\Documentos\\GitHub\\ponylink-backend\\PonyLink\\vendor\\laravel\\framework\\src\\Illuminate\\Container\\BoundMethod.php(36): Illuminate\\Database\\Console\\Migrations\\MigrateCommand->handle()
#25 C:\\Users\\oscar\\OneDrive\\Documentos\\GitHub\\ponylink-backend\\PonyLink\\vendor\\laravel\\framework\\src\\Illuminate\\Container\\Util.php(43): Illuminate\\Container\\BoundMethod::Illuminate\\Container\\{closure}()
#26 C:\\Users\\oscar\\OneDrive\\Documentos\\GitHub\\ponylink-backend\\PonyLink\\vendor\\laravel\\framework\\src\\Illuminate\\Container\\BoundMethod.php(95): Illuminate\\Container\\Util::unwrapIfClosure()
#27 C:\\Users\\oscar\\OneDrive\\Documentos\\GitHub\\ponylink-backend\\PonyLink\\vendor\\laravel\\framework\\src\\Illuminate\\Container\\BoundMethod.php(35): Illuminate\\Container\\BoundMethod::callBoundMethod()
#28 C:\\Users\\oscar\\OneDrive\\Documentos\\GitHub\\ponylink-backend\\PonyLink\\vendor\\laravel\\framework\\src\\Illuminate\\Container\\Container.php(690): Illuminate\\Container\\BoundMethod::call()
#29 C:\\Users\\oscar\\OneDrive\\Documentos\\GitHub\\ponylink-backend\\PonyLink\\vendor\\laravel\\framework\\src\\Illuminate\\Console\\Command.php(213): Illuminate\\Container\\Container->call()
#30 C:\\Users\\oscar\\OneDrive\\Documentos\\GitHub\\ponylink-backend\\PonyLink\\vendor\\symfony\\console\\Command\\Command.php(279): Illuminate\\Console\\Command->execute()
#31 C:\\Users\\oscar\\OneDrive\\Documentos\\GitHub\\ponylink-backend\\PonyLink\\vendor\\laravel\\framework\\src\\Illuminate\\Console\\Command.php(182): Symfony\\Component\\Console\\Command\\Command->run()
#32 C:\\Users\\oscar\\OneDrive\\Documentos\\GitHub\\ponylink-backend\\PonyLink\\vendor\\laravel\\framework\\src\\Illuminate\\Console\\Concerns\\CallsCommands.php(67): Illuminate\\Console\\Command->run()
#33 C:\\Users\\oscar\\OneDrive\\Documentos\\GitHub\\ponylink-backend\\PonyLink\\vendor\\laravel\\framework\\src\\Illuminate\\Console\\Concerns\\CallsCommands.php(28): Illuminate\\Console\\Command->runCommand()
#34 C:\\Users\\oscar\\OneDrive\\Documentos\\GitHub\\ponylink-backend\\PonyLink\\vendor\\laravel\\framework\\src\\Illuminate\\Foundation\\Console\\ApiInstallCommand.php(78): Illuminate\\Console\\Command->call()
#35 C:\\Users\\oscar\\OneDrive\\Documentos\\GitHub\\ponylink-backend\\PonyLink\\vendor\\laravel\\framework\\src\\Illuminate\\Container\\BoundMethod.php(36): Illuminate\\Foundation\\Console\\ApiInstallCommand->handle()
#36 C:\\Users\\oscar\\OneDrive\\Documentos\\GitHub\\ponylink-backend\\PonyLink\\vendor\\laravel\\framework\\src\\Illuminate\\Container\\Util.php(43): Illuminate\\Container\\BoundMethod::Illuminate\\Container\\{closure}()
#37 C:\\Users\\oscar\\OneDrive\\Documentos\\GitHub\\ponylink-backend\\PonyLink\\vendor\\laravel\\framework\\src\\Illuminate\\Container\\BoundMethod.php(95): Illuminate\\Container\\Util::unwrapIfClosure()
#38 C:\\Users\\oscar\\OneDrive\\Documentos\\GitHub\\ponylink-backend\\PonyLink\\vendor\\laravel\\framework\\src\\Illuminate\\Container\\BoundMethod.php(35): Illuminate\\Container\\BoundMethod::callBoundMethod()
#39 C:\\Users\\oscar\\OneDrive\\Documentos\\GitHub\\ponylink-backend\\PonyLink\\vendor\\laravel\\framework\\src\\Illuminate\\Container\\Container.php(690): Illuminate\\Container\\BoundMethod::call()
#40 C:\\Users\\oscar\\OneDrive\\Documentos\\GitHub\\ponylink-backend\\PonyLink\\vendor\\laravel\\framework\\src\\Illuminate\\Console\\Command.php(213): Illuminate\\Container\\Container->call()
#41 C:\\Users\\oscar\\OneDrive\\Documentos\\GitHub\\ponylink-backend\\PonyLink\\vendor\\symfony\\console\\Command\\Command.php(279): Illuminate\\Console\\Command->execute()
#42 C:\\Users\\oscar\\OneDrive\\Documentos\\GitHub\\ponylink-backend\\PonyLink\\vendor\\laravel\\framework\\src\\Illuminate\\Console\\Command.php(182): Symfony\\Component\\Console\\Command\\Command->run()
#43 C:\\Users\\oscar\\OneDrive\\Documentos\\GitHub\\ponylink-backend\\PonyLink\\vendor\\symfony\\console\\Application.php(1047): Illuminate\\Console\\Command->run()
#44 C:\\Users\\oscar\\OneDrive\\Documentos\\GitHub\\ponylink-backend\\PonyLink\\vendor\\symfony\\console\\Application.php(316): Symfony\\Component\\Console\\Application->doRunCommand()
#45 C:\\Users\\oscar\\OneDrive\\Documentos\\GitHub\\ponylink-backend\\PonyLink\\vendor\\symfony\\console\\Application.php(167): Symfony\\Component\\Console\\Application->doRun()
#46 C:\\Users\\oscar\\OneDrive\\Documentos\\GitHub\\ponylink-backend\\PonyLink\\vendor\\laravel\\framework\\src\\Illuminate\\Foundation\\Console\\Kernel.php(197): Symfony\\Component\\Console\\Application->run()
#47 C:\\Users\\oscar\\OneDrive\\Documentos\\GitHub\\ponylink-backend\\PonyLink\\vendor\\laravel\\framework\\src\\Illuminate\\Foundation\\Application.php(1203): Illuminate\\Foundation\\Console\\Kernel->handle()
#48 C:\\Users\\oscar\\OneDrive\\Documentos\\GitHub\\ponylink-backend\\PonyLink\\artisan(13): Illuminate\\Foundation\\Application->handleCommand()
#49 {main}
"} 
[2024-10-03 18:18:58] local.ERROR: SQLSTATE[42P01]: Undefined table: 7 ERROR:  no existe la relación «sessions»
LINE 1: select * from "sessions" where "id" = $1 limit 1
                      ^ (Connection: pgsql, SQL: select * from "sessions" where "id" = smVFdCtpIceTVfbhhzh8q6e65Vd4IweaWMPz96Hw limit 1) {"exception":"[object] (Illuminate\\Database\\QueryException(code: 42P01): SQLSTATE[42P01]: Undefined table: 7 ERROR:  no existe la relación «sessions»
LINE 1: select * from \"sessions\" where \"id\" = $1 limit 1
                      ^ (Connection: pgsql, SQL: select * from \"sessions\" where \"id\" = smVFdCtpIceTVfbhhzh8q6e65Vd4IweaWMPz96Hw limit 1) at C:\\Users\\oscar\\OneDrive\\Documentos\\GitHub\\ponylink-backend\\PonyLink\\vendor\\laravel\\framework\\src\\Illuminate\\Database\\Connection.php:825)
[stacktrace]
#0 C:\\Users\\oscar\\OneDrive\\Documentos\\GitHub\\ponylink-backend\\PonyLink\\vendor\\laravel\\framework\\src\\Illuminate\\Database\\Connection.php(779): Illuminate\\Database\\Connection->runQueryCallback()
#1 C:\\Users\\oscar\\OneDrive\\Documentos\\GitHub\\ponylink-backend\\PonyLink\\vendor\\laravel\\framework\\src\\Illuminate\\Database\\Connection.php(398): Illuminate\\Database\\Connection->run()
#2 C:\\Users\\oscar\\OneDrive\\Documentos\\GitHub\\ponylink-backend\\PonyLink\\vendor\\laravel\\framework\\src\\Illuminate\\Database\\Query\\Builder.php(3130): Illuminate\\Database\\Connection->select()
#3 C:\\Users\\oscar\\OneDrive\\Documentos\\GitHub\\ponylink-backend\\PonyLink\\vendor\\laravel\\framework\\src\\Illuminate\\Database\\Query\\Builder.php(3115): Illuminate\\Database\\Query\\Builder->runSelect()
#4 C:\\Users\\oscar\\OneDrive\\Documentos\\GitHub\\ponylink-backend\\PonyLink\\vendor\\laravel\\framework\\src\\Illuminate\\Database\\Query\\Builder.php(3703): Illuminate\\Database\\Query\\Builder->Illuminate\\Database\\Query\\{closure}()
#5 C:\\Users\\oscar\\OneDrive\\Documentos\\GitHub\\ponylink-backend\\PonyLink\\vendor\\laravel\\framework\\src\\Illuminate\\Database\\Query\\Builder.php(3114): Illuminate\\Database\\Query\\Builder->onceWithColumns()
#6 C:\\Users\\oscar\\OneDrive\\Documentos\\GitHub\\ponylink-backend\\PonyLink\\vendor\\laravel\\framework\\src\\Illuminate\\Database\\Concerns\\BuildsQueries.php(344): Illuminate\\Database\\Query\\Builder->get()
#7 C:\\Users\\oscar\\OneDrive\\Documentos\\GitHub\\ponylink-backend\\PonyLink\\vendor\\laravel\\framework\\src\\Illuminate\\Database\\Query\\Builder.php(3035): Illuminate\\Database\\Query\\Builder->first()
#8 C:\\Users\\oscar\\OneDrive\\Documentos\\GitHub\\ponylink-backend\\PonyLink\\vendor\\laravel\\framework\\src\\Illuminate\\Session\\DatabaseSessionHandler.php(97): Illuminate\\Database\\Query\\Builder->find()
#9 C:\\Users\\oscar\\OneDrive\\Documentos\\GitHub\\ponylink-backend\\PonyLink\\vendor\\laravel\\framework\\src\\Illuminate\\Session\\Store.php(113): Illuminate\\Session\\DatabaseSessionHandler->read()
#10 C:\\Users\\oscar\\OneDrive\\Documentos\\GitHub\\ponylink-backend\\PonyLink\\vendor\\laravel\\framework\\src\\Illuminate\\Session\\Store.php(101): Illuminate\\Session\\Store->readFromHandler()
#11 C:\\Users\\oscar\\OneDrive\\Documentos\\GitHub\\ponylink-backend\\PonyLink\\vendor\\laravel\\framework\\src\\Illuminate\\Session\\Store.php(85): Illuminate\\Session\\Store->loadSession()
#12 C:\\Users\\oscar\\OneDrive\\Documentos\\GitHub\\ponylink-backend\\PonyLink\\vendor\\laravel\\framework\\src\\Illuminate\\Session\\Middleware\\StartSession.php(147): Illuminate\\Session\\Store->start()
#13 C:\\Users\\oscar\\OneDrive\\Documentos\\GitHub\\ponylink-backend\\PonyLink\\vendor\\laravel\\framework\\src\\Illuminate\\Support\\helpers.php(380): Illuminate\\Session\\Middleware\\StartSession->Illuminate\\Session\\Middleware\\{closure}()
#14 C:\\Users\\oscar\\OneDrive\\Documentos\\GitHub\\ponylink-backend\\PonyLink\\vendor\\laravel\\framework\\src\\Illuminate\\Session\\Middleware\\StartSession.php(144): tap()
#15 C:\\Users\\oscar\\OneDrive\\Documentos\\GitHub\\ponylink-backend\\PonyLink\\vendor\\laravel\\framework\\src\\Illuminate\\Session\\Middleware\\StartSession.php(116): Illuminate\\Session\\Middleware\\StartSession->startSession()
#16 C:\\Users\\oscar\\OneDrive\\Documentos\\GitHub\\ponylink-backend\\PonyLink\\vendor\\laravel\\framework\\src\\Illuminate\\Session\\Middleware\\StartSession.php(64): Illuminate\\Session\\Middleware\\StartSession->handleStatefulRequest()
#17 C:\\Users\\oscar\\OneDrive\\Documentos\\GitHub\\ponylink-backend\\PonyLink\\vendor\\laravel\\framework\\src\\Illuminate\\Pipeline\\Pipeline.php(183): Illuminate\\Session\\Middleware\\StartSession->handle()
#18 C:\\Users\\oscar\\OneDrive\\Documentos\\GitHub\\ponylink-backend\\PonyLink\\vendor\\laravel\\framework\\src\\Illuminate\\Cookie\\Middleware\\AddQueuedCookiesToResponse.php(37): Illuminate\\Pipeline\\Pipeline->Illuminate\\Pipeline\\{closure}()
#19 C:\\Users\\oscar\\OneDrive\\Documentos\\GitHub\\ponylink-backend\\PonyLink\\vendor\\laravel\\framework\\src\\Illuminate\\Pipeline\\Pipeline.php(183): Illuminate\\Cookie\\Middleware\\AddQueuedCookiesToResponse->handle()
#20 C:\\Users\\oscar\\OneDrive\\Documentos\\GitHub\\ponylink-backend\\PonyLink\\vendor\\laravel\\framework\\src\\Illuminate\\Cookie\\Middleware\\EncryptCookies.php(75): Illuminate\\Pipeline\\Pipeline->Illuminate\\Pipeline\\{closure}()
#21 C:\\Users\\oscar\\OneDrive\\Documentos\\GitHub\\ponylink-backend\\PonyLink\\vendor\\laravel\\framework\\src\\Illuminate\\Pipeline\\Pipeline.php(183): Illuminate\\Cookie\\Middleware\\EncryptCookies->handle()
#22 C:\\Users\\oscar\\OneDrive\\Documentos\\GitHub\\ponylink-backend\\PonyLink\\vendor\\laravel\\framework\\src\\Illuminate\\Pipeline\\Pipeline.php(119): Illuminate\\Pipeline\\Pipeline->Illuminate\\Pipeline\\{closure}()
#23 C:\\Users\\oscar\\OneDrive\\Documentos\\GitHub\\ponylink-backend\\PonyLink\\vendor\\laravel\\framework\\src\\Illuminate\\Routing\\Router.php(807): Illuminate\\Pipeline\\Pipeline->then()
#24 C:\\Users\\oscar\\OneDrive\\Documentos\\GitHub\\ponylink-backend\\PonyLink\\vendor\\laravel\\framework\\src\\Illuminate\\Routing\\Router.php(786): Illuminate\\Routing\\Router->runRouteWithinStack()
#25 C:\\Users\\oscar\\OneDrive\\Documentos\\GitHub\\ponylink-backend\\PonyLink\\vendor\\laravel\\framework\\src\\Illuminate\\Routing\\Router.php(750): Illuminate\\Routing\\Router->runRoute()
#26 C:\\Users\\oscar\\OneDrive\\Documentos\\GitHub\\ponylink-backend\\PonyLink\\vendor\\laravel\\framework\\src\\Illuminate\\Routing\\Router.php(739): Illuminate\\Routing\\Router->dispatchToRoute()
#27 C:\\Users\\oscar\\OneDrive\\Documentos\\GitHub\\ponylink-backend\\PonyLink\\vendor\\laravel\\framework\\src\\Illuminate\\Foundation\\Http\\Kernel.php(201): Illuminate\\Routing\\Router->dispatch()
#28 C:\\Users\\oscar\\OneDrive\\Documentos\\GitHub\\ponylink-backend\\PonyLink\\vendor\\laravel\\framework\\src\\Illuminate\\Pipeline\\Pipeline.php(144): Illuminate\\Foundation\\Http\\Kernel->Illuminate\\Foundation\\Http\\{closure}()
#29 C:\\Users\\oscar\\OneDrive\\Documentos\\GitHub\\ponylink-backend\\PonyLink\\vendor\\laravel\\framework\\src\\Illuminate\\Foundation\\Http\\Middleware\\TransformsRequest.php(21): Illuminate\\Pipeline\\Pipeline->Illuminate\\Pipeline\\{closure}()
#30 C:\\Users\\oscar\\OneDrive\\Documentos\\GitHub\\ponylink-backend\\PonyLink\\vendor\\laravel\\framework\\src\\Illuminate\\Foundation\\Http\\Middleware\\ConvertEmptyStringsToNull.php(31): Illuminate\\Foundation\\Http\\Middleware\\TransformsRequest->handle()
#31 C:\\Users\\oscar\\OneDrive\\Documentos\\GitHub\\ponylink-backend\\PonyLink\\vendor\\laravel\\framework\\src\\Illuminate\\Pipeline\\Pipeline.php(183): Illuminate\\Foundation\\Http\\Middleware\\ConvertEmptyStringsToNull->handle()
#32 C:\\Users\\oscar\\OneDrive\\Documentos\\GitHub\\ponylink-backend\\PonyLink\\vendor\\laravel\\framework\\src\\Illuminate\\Foundation\\Http\\Middleware\\TransformsRequest.php(21): Illuminate\\Pipeline\\Pipeline->Illuminate\\Pipeline\\{closure}()
#33 C:\\Users\\oscar\\OneDrive\\Documentos\\GitHub\\ponylink-backend\\PonyLink\\vendor\\laravel\\framework\\src\\Illuminate\\Foundation\\Http\\Middleware\\TrimStrings.php(51): Illuminate\\Foundation\\Http\\Middleware\\TransformsRequest->handle()
#34 C:\\Users\\oscar\\OneDrive\\Documentos\\GitHub\\ponylink-backend\\PonyLink\\vendor\\laravel\\framework\\src\\Illuminate\\Pipeline\\Pipeline.php(183): Illuminate\\Foundation\\Http\\Middleware\\TrimStrings->handle()
#35 C:\\Users\\oscar\\OneDrive\\Documentos\\GitHub\\ponylink-backend\\PonyLink\\vendor\\laravel\\framework\\src\\Illuminate\\Http\\Middleware\\ValidatePostSize.php(27): Illuminate\\Pipeline\\Pipeline->Illuminate\\Pipeline\\{closure}()
#36 C:\\Users\\oscar\\OneDrive\\Documentos\\GitHub\\ponylink-backend\\PonyLink\\vendor\\laravel\\framework\\src\\Illuminate\\Pipeline\\Pipeline.php(183): Illuminate\\Http\\Middleware\\ValidatePostSize->handle()
#37 C:\\Users\\oscar\\OneDrive\\Documentos\\GitHub\\ponylink-backend\\PonyLink\\vendor\\laravel\\framework\\src\\Illuminate\\Foundation\\Http\\Middleware\\PreventRequestsDuringMaintenance.php(110): Illuminate\\Pipeline\\Pipeline->Illuminate\\Pipeline\\{closure}()
#38 C:\\Users\\oscar\\OneDrive\\Documentos\\GitHub\\ponylink-backend\\PonyLink\\vendor\\laravel\\framework\\src\\Illuminate\\Pipeline\\Pipeline.php(183): Illuminate\\Foundation\\Http\\Middleware\\PreventRequestsDuringMaintenance->handle()
#39 C:\\Users\\oscar\\OneDrive\\Documentos\\GitHub\\ponylink-backend\\PonyLink\\vendor\\laravel\\framework\\src\\Illuminate\\Http\\Middleware\\HandleCors.php(62): Illuminate\\Pipeline\\Pipeline->Illuminate\\Pipeline\\{closure}()
#40 C:\\Users\\oscar\\OneDrive\\Documentos\\GitHub\\ponylink-backend\\PonyLink\\vendor\\laravel\\framework\\src\\Illuminate\\Pipeline\\Pipeline.php(183): Illuminate\\Http\\Middleware\\HandleCors->handle()
#41 C:\\Users\\oscar\\OneDrive\\Documentos\\GitHub\\ponylink-backend\\PonyLink\\vendor\\laravel\\framework\\src\\Illuminate\\Http\\Middleware\\TrustProxies.php(58): Illuminate\\Pipeline\\Pipeline->Illuminate\\Pipeline\\{closure}()
#42 C:\\Users\\oscar\\OneDrive\\Documentos\\GitHub\\ponylink-backend\\PonyLink\\vendor\\laravel\\framework\\src\\Illuminate\\Pipeline\\Pipeline.php(183): Illuminate\\Http\\Middleware\\TrustProxies->handle()
#43 C:\\Users\\oscar\\OneDrive\\Documentos\\GitHub\\ponylink-backend\\PonyLink\\vendor\\laravel\\framework\\src\\Illuminate\\Foundation\\Http\\Middleware\\InvokeDeferredCallbacks.php(22): Illuminate\\Pipeline\\Pipeline->Illuminate\\Pipeline\\{closure}()
#44 C:\\Users\\oscar\\OneDrive\\Documentos\\GitHub\\ponylink-backend\\PonyLink\\vendor\\laravel\\framework\\src\\Illuminate\\Pipeline\\Pipeline.php(183): Illuminate\\Foundation\\Http\\Middleware\\InvokeDeferredCallbacks->handle()
#45 C:\\Users\\oscar\\OneDrive\\Documentos\\GitHub\\ponylink-backend\\PonyLink\\vendor\\laravel\\framework\\src\\Illuminate\\Pipeline\\Pipeline.php(119): Illuminate\\Pipeline\\Pipeline->Illuminate\\Pipeline\\{closure}()
#46 C:\\Users\\oscar\\OneDrive\\Documentos\\GitHub\\ponylink-backend\\PonyLink\\vendor\\laravel\\framework\\src\\Illuminate\\Foundation\\Http\\Kernel.php(176): Illuminate\\Pipeline\\Pipeline->then()
#47 C:\\Users\\oscar\\OneDrive\\Documentos\\GitHub\\ponylink-backend\\PonyLink\\vendor\\laravel\\framework\\src\\Illuminate\\Foundation\\Http\\Kernel.php(145): Illuminate\\Foundation\\Http\\Kernel->sendRequestThroughRouter()
#48 C:\\Users\\oscar\\OneDrive\\Documentos\\GitHub\\ponylink-backend\\PonyLink\\vendor\\laravel\\framework\\src\\Illuminate\\Foundation\\Application.php(1188): Illuminate\\Foundation\\Http\\Kernel->handle()
#49 C:\\Users\\oscar\\OneDrive\\Documentos\\GitHub\\ponylink-backend\\PonyLink\\public\\index.php(17): Illuminate\\Foundation\\Application->handleRequest()
#50 C:\\Users\\oscar\\OneDrive\\Documentos\\GitHub\\ponylink-backend\\PonyLink\\vendor\\laravel\\framework\\src\\Illuminate\\Foundation\\resources\\server.php(23): require_once('...')
#51 {main}

[previous exception] [object] (PDOException(code: 42P01): SQLSTATE[42P01]: Undefined table: 7 ERROR:  no existe la relación «sessions»
LINE 1: select * from \"sessions\" where \"id\" = $1 limit 1
                      ^ at C:\\Users\\oscar\\OneDrive\\Documentos\\GitHub\\ponylink-backend\\PonyLink\\vendor\\laravel\\framework\\src\\Illuminate\\Database\\Connection.php:412)
[stacktrace]
#0 C:\\Users\\oscar\\OneDrive\\Documentos\\GitHub\\ponylink-backend\\PonyLink\\vendor\\laravel\\framework\\src\\Illuminate\\Database\\Connection.php(412): PDOStatement->execute()
#1 C:\\Users\\oscar\\OneDrive\\Documentos\\GitHub\\ponylink-backend\\PonyLink\\vendor\\laravel\\framework\\src\\Illuminate\\Database\\Connection.php(812): Illuminate\\Database\\Connection->Illuminate\\Database\\{closure}()
#2 C:\\Users\\oscar\\OneDrive\\Documentos\\GitHub\\ponylink-backend\\PonyLink\\vendor\\laravel\\framework\\src\\Illuminate\\Database\\Connection.php(779): Illuminate\\Database\\Connection->runQueryCallback()
#3 C:\\Users\\oscar\\OneDrive\\Documentos\\GitHub\\ponylink-backend\\PonyLink\\vendor\\laravel\\framework\\src\\Illuminate\\Database\\Connection.php(398): Illuminate\\Database\\Connection->run()
#4 C:\\Users\\oscar\\OneDrive\\Documentos\\GitHub\\ponylink-backend\\PonyLink\\vendor\\laravel\\framework\\src\\Illuminate\\Database\\Query\\Builder.php(3130): Illuminate\\Database\\Connection->select()
#5 C:\\Users\\oscar\\OneDrive\\Documentos\\GitHub\\ponylink-backend\\PonyLink\\vendor\\laravel\\framework\\src\\Illuminate\\Database\\Query\\Builder.php(3115): Illuminate\\Database\\Query\\Builder->runSelect()
#6 C:\\Users\\oscar\\OneDrive\\Documentos\\GitHub\\ponylink-backend\\PonyLink\\vendor\\laravel\\framework\\src\\Illuminate\\Database\\Query\\Builder.php(3703): Illuminate\\Database\\Query\\Builder->Illuminate\\Database\\Query\\{closure}()
#7 C:\\Users\\oscar\\OneDrive\\Documentos\\GitHub\\ponylink-backend\\PonyLink\\vendor\\laravel\\framework\\src\\Illuminate\\Database\\Query\\Builder.php(3114): Illuminate\\Database\\Query\\Builder->onceWithColumns()
#8 C:\\Users\\oscar\\OneDrive\\Documentos\\GitHub\\ponylink-backend\\PonyLink\\vendor\\laravel\\framework\\src\\Illuminate\\Database\\Concerns\\BuildsQueries.php(344): Illuminate\\Database\\Query\\Builder->get()
#9 C:\\Users\\oscar\\OneDrive\\Documentos\\GitHub\\ponylink-backend\\PonyLink\\vendor\\laravel\\framework\\src\\Illuminate\\Database\\Query\\Builder.php(3035): Illuminate\\Database\\Query\\Builder->first()
#10 C:\\Users\\oscar\\OneDrive\\Documentos\\GitHub\\ponylink-backend\\PonyLink\\vendor\\laravel\\framework\\src\\Illuminate\\Session\\DatabaseSessionHandler.php(97): Illuminate\\Database\\Query\\Builder->find()
#11 C:\\Users\\oscar\\OneDrive\\Documentos\\GitHub\\ponylink-backend\\PonyLink\\vendor\\laravel\\framework\\src\\Illuminate\\Session\\Store.php(113): Illuminate\\Session\\DatabaseSessionHandler->read()
#12 C:\\Users\\oscar\\OneDrive\\Documentos\\GitHub\\ponylink-backend\\PonyLink\\vendor\\laravel\\framework\\src\\Illuminate\\Session\\Store.php(101): Illuminate\\Session\\Store->readFromHandler()
#13 C:\\Users\\oscar\\OneDrive\\Documentos\\GitHub\\ponylink-backend\\PonyLink\\vendor\\laravel\\framework\\src\\Illuminate\\Session\\Store.php(85): Illuminate\\Session\\Store->loadSession()
#14 C:\\Users\\oscar\\OneDrive\\Documentos\\GitHub\\ponylink-backend\\PonyLink\\vendor\\laravel\\framework\\src\\Illuminate\\Session\\Middleware\\StartSession.php(147): Illuminate\\Session\\Store->start()
#15 C:\\Users\\oscar\\OneDrive\\Documentos\\GitHub\\ponylink-backend\\PonyLink\\vendor\\laravel\\framework\\src\\Illuminate\\Support\\helpers.php(380): Illuminate\\Session\\Middleware\\StartSession->Illuminate\\Session\\Middleware\\{closure}()
#16 C:\\Users\\oscar\\OneDrive\\Documentos\\GitHub\\ponylink-backend\\PonyLink\\vendor\\laravel\\framework\\src\\Illuminate\\Session\\Middleware\\StartSession.php(144): tap()
#17 C:\\Users\\oscar\\OneDrive\\Documentos\\GitHub\\ponylink-backend\\PonyLink\\vendor\\laravel\\framework\\src\\Illuminate\\Session\\Middleware\\StartSession.php(116): Illuminate\\Session\\Middleware\\StartSession->startSession()
#18 C:\\Users\\oscar\\OneDrive\\Documentos\\GitHub\\ponylink-backend\\PonyLink\\vendor\\laravel\\framework\\src\\Illuminate\\Session\\Middleware\\StartSession.php(64): Illuminate\\Session\\Middleware\\StartSession->handleStatefulRequest()
#19 C:\\Users\\oscar\\OneDrive\\Documentos\\GitHub\\ponylink-backend\\PonyLink\\vendor\\laravel\\framework\\src\\Illuminate\\Pipeline\\Pipeline.php(183): Illuminate\\Session\\Middleware\\StartSession->handle()
#20 C:\\Users\\oscar\\OneDrive\\Documentos\\GitHub\\ponylink-backend\\PonyLink\\vendor\\laravel\\framework\\src\\Illuminate\\Cookie\\Middleware\\AddQueuedCookiesToResponse.php(37): Illuminate\\Pipeline\\Pipeline->Illuminate\\Pipeline\\{closure}()
#21 C:\\Users\\oscar\\OneDrive\\Documentos\\GitHub\\ponylink-backend\\PonyLink\\vendor\\laravel\\framework\\src\\Illuminate\\Pipeline\\Pipeline.php(183): Illuminate\\Cookie\\Middleware\\AddQueuedCookiesToResponse->handle()
#22 C:\\Users\\oscar\\OneDrive\\Documentos\\GitHub\\ponylink-backend\\PonyLink\\vendor\\laravel\\framework\\src\\Illuminate\\Cookie\\Middleware\\EncryptCookies.php(75): Illuminate\\Pipeline\\Pipeline->Illuminate\\Pipeline\\{closure}()
#23 C:\\Users\\oscar\\OneDrive\\Documentos\\GitHub\\ponylink-backend\\PonyLink\\vendor\\laravel\\framework\\src\\Illuminate\\Pipeline\\Pipeline.php(183): Illuminate\\Cookie\\Middleware\\EncryptCookies->handle()
#24 C:\\Users\\oscar\\OneDrive\\Documentos\\GitHub\\ponylink-backend\\PonyLink\\vendor\\laravel\\framework\\src\\Illuminate\\Pipeline\\Pipeline.php(119): Illuminate\\Pipeline\\Pipeline->Illuminate\\Pipeline\\{closure}()
#25 C:\\Users\\oscar\\OneDrive\\Documentos\\GitHub\\ponylink-backend\\PonyLink\\vendor\\laravel\\framework\\src\\Illuminate\\Routing\\Router.php(807): Illuminate\\Pipeline\\Pipeline->then()
#26 C:\\Users\\oscar\\OneDrive\\Documentos\\GitHub\\ponylink-backend\\PonyLink\\vendor\\laravel\\framework\\src\\Illuminate\\Routing\\Router.php(786): Illuminate\\Routing\\Router->runRouteWithinStack()
#27 C:\\Users\\oscar\\OneDrive\\Documentos\\GitHub\\ponylink-backend\\PonyLink\\vendor\\laravel\\framework\\src\\Illuminate\\Routing\\Router.php(750): Illuminate\\Routing\\Router->runRoute()
#28 C:\\Users\\oscar\\OneDrive\\Documentos\\GitHub\\ponylink-backend\\PonyLink\\vendor\\laravel\\framework\\src\\Illuminate\\Routing\\Router.php(739): Illuminate\\Routing\\Router->dispatchToRoute()
#29 C:\\Users\\oscar\\OneDrive\\Documentos\\GitHub\\ponylink-backend\\PonyLink\\vendor\\laravel\\framework\\src\\Illuminate\\Foundation\\Http\\Kernel.php(201): Illuminate\\Routing\\Router->dispatch()
#30 C:\\Users\\oscar\\OneDrive\\Documentos\\GitHub\\ponylink-backend\\PonyLink\\vendor\\laravel\\framework\\src\\Illuminate\\Pipeline\\Pipeline.php(144): Illuminate\\Foundation\\Http\\Kernel->Illuminate\\Foundation\\Http\\{closure}()
#31 C:\\Users\\oscar\\OneDrive\\Documentos\\GitHub\\ponylink-backend\\PonyLink\\vendor\\laravel\\framework\\src\\Illuminate\\Foundation\\Http\\Middleware\\TransformsRequest.php(21): Illuminate\\Pipeline\\Pipeline->Illuminate\\Pipeline\\{closure}()
#32 C:\\Users\\oscar\\OneDrive\\Documentos\\GitHub\\ponylink-backend\\PonyLink\\vendor\\laravel\\framework\\src\\Illuminate\\Foundation\\Http\\Middleware\\ConvertEmptyStringsToNull.php(31): Illuminate\\Foundation\\Http\\Middleware\\TransformsRequest->handle()
#33 C:\\Users\\oscar\\OneDrive\\Documentos\\GitHub\\ponylink-backend\\PonyLink\\vendor\\laravel\\framework\\src\\Illuminate\\Pipeline\\Pipeline.php(183): Illuminate\\Foundation\\Http\\Middleware\\ConvertEmptyStringsToNull->handle()
#34 C:\\Users\\oscar\\OneDrive\\Documentos\\GitHub\\ponylink-backend\\PonyLink\\vendor\\laravel\\framework\\src\\Illuminate\\Foundation\\Http\\Middleware\\TransformsRequest.php(21): Illuminate\\Pipeline\\Pipeline->Illuminate\\Pipeline\\{closure}()
#35 C:\\Users\\oscar\\OneDrive\\Documentos\\GitHub\\ponylink-backend\\PonyLink\\vendor\\laravel\\framework\\src\\Illuminate\\Foundation\\Http\\Middleware\\TrimStrings.php(51): Illuminate\\Foundation\\Http\\Middleware\\TransformsRequest->handle()
#36 C:\\Users\\oscar\\OneDrive\\Documentos\\GitHub\\ponylink-backend\\PonyLink\\vendor\\laravel\\framework\\src\\Illuminate\\Pipeline\\Pipeline.php(183): Illuminate\\Foundation\\Http\\Middleware\\TrimStrings->handle()
#37 C:\\Users\\oscar\\OneDrive\\Documentos\\GitHub\\ponylink-backend\\PonyLink\\vendor\\laravel\\framework\\src\\Illuminate\\Http\\Middleware\\ValidatePostSize.php(27): Illuminate\\Pipeline\\Pipeline->Illuminate\\Pipeline\\{closure}()
#38 C:\\Users\\oscar\\OneDrive\\Documentos\\GitHub\\ponylink-backend\\PonyLink\\vendor\\laravel\\framework\\src\\Illuminate\\Pipeline\\Pipeline.php(183): Illuminate\\Http\\Middleware\\ValidatePostSize->handle()
#39 C:\\Users\\oscar\\OneDrive\\Documentos\\GitHub\\ponylink-backend\\PonyLink\\vendor\\laravel\\framework\\src\\Illuminate\\Foundation\\Http\\Middleware\\PreventRequestsDuringMaintenance.php(110): Illuminate\\Pipeline\\Pipeline->Illuminate\\Pipeline\\{closure}()
#40 C:\\Users\\oscar\\OneDrive\\Documentos\\GitHub\\ponylink-backend\\PonyLink\\vendor\\laravel\\framework\\src\\Illuminate\\Pipeline\\Pipeline.php(183): Illuminate\\Foundation\\Http\\Middleware\\PreventRequestsDuringMaintenance->handle()
#41 C:\\Users\\oscar\\OneDrive\\Documentos\\GitHub\\ponylink-backend\\PonyLink\\vendor\\laravel\\framework\\src\\Illuminate\\Http\\Middleware\\HandleCors.php(62): Illuminate\\Pipeline\\Pipeline->Illuminate\\Pipeline\\{closure}()
#42 C:\\Users\\oscar\\OneDrive\\Documentos\\GitHub\\ponylink-backend\\PonyLink\\vendor\\laravel\\framework\\src\\Illuminate\\Pipeline\\Pipeline.php(183): Illuminate\\Http\\Middleware\\HandleCors->handle()
#43 C:\\Users\\oscar\\OneDrive\\Documentos\\GitHub\\ponylink-backend\\PonyLink\\vendor\\laravel\\framework\\src\\Illuminate\\Http\\Middleware\\TrustProxies.php(58): Illuminate\\Pipeline\\Pipeline->Illuminate\\Pipeline\\{closure}()
#44 C:\\Users\\oscar\\OneDrive\\Documentos\\GitHub\\ponylink-backend\\PonyLink\\vendor\\laravel\\framework\\src\\Illuminate\\Pipeline\\Pipeline.php(183): Illuminate\\Http\\Middleware\\TrustProxies->handle()
#45 C:\\Users\\oscar\\OneDrive\\Documentos\\GitHub\\ponylink-backend\\PonyLink\\vendor\\laravel\\framework\\src\\Illuminate\\Foundation\\Http\\Middleware\\InvokeDeferredCallbacks.php(22): Illuminate\\Pipeline\\Pipeline->Illuminate\\Pipeline\\{closure}()
#46 C:\\Users\\oscar\\OneDrive\\Documentos\\GitHub\\ponylink-backend\\PonyLink\\vendor\\laravel\\framework\\src\\Illuminate\\Pipeline\\Pipeline.php(183): Illuminate\\Foundation\\Http\\Middleware\\InvokeDeferredCallbacks->handle()
#47 C:\\Users\\oscar\\OneDrive\\Documentos\\GitHub\\ponylink-backend\\PonyLink\\vendor\\laravel\\framework\\src\\Illuminate\\Pipeline\\Pipeline.php(119): Illuminate\\Pipeline\\Pipeline->Illuminate\\Pipeline\\{closure}()
#48 C:\\Users\\oscar\\OneDrive\\Documentos\\GitHub\\ponylink-backend\\PonyLink\\vendor\\laravel\\framework\\src\\Illuminate\\Foundation\\Http\\Kernel.php(176): Illuminate\\Pipeline\\Pipeline->then()
#49 C:\\Users\\oscar\\OneDrive\\Documentos\\GitHub\\ponylink-backend\\PonyLink\\vendor\\laravel\\framework\\src\\Illuminate\\Foundation\\Http\\Kernel.php(145): Illuminate\\Foundation\\Http\\Kernel->sendRequestThroughRouter()
#50 C:\\Users\\oscar\\OneDrive\\Documentos\\GitHub\\ponylink-backend\\PonyLink\\vendor\\laravel\\framework\\src\\Illuminate\\Foundation\\Application.php(1188): Illuminate\\Foundation\\Http\\Kernel->handle()
#51 C:\\Users\\oscar\\OneDrive\\Documentos\\GitHub\\ponylink-backend\\PonyLink\\public\\index.php(17): Illuminate\\Foundation\\Application->handleRequest()
#52 C:\\Users\\oscar\\OneDrive\\Documentos\\GitHub\\ponylink-backend\\PonyLink\\vendor\\laravel\\framework\\src\\Illuminate\\Foundation\\resources\\server.php(23): require_once('...')
#53 {main}
"} 
[2024-10-06 04:44:09] local.ERROR: SQLSTATE[42P01]: Undefined table: 7 ERROR:  no existe la relación «estado_solicitud» (Connection: pgsql, SQL: alter table "solicitudes__trabajos" add constraint "solicitudes__trabajos_estado_foreign" foreign key ("estado") references "estado_solicitud" ("id")) {"exception":"[object] (Illuminate\\Database\\QueryException(code: 42P01): SQLSTATE[42P01]: Undefined table: 7 ERROR:  no existe la relación «estado_solicitud» (Connection: pgsql, SQL: alter table \"solicitudes__trabajos\" add constraint \"solicitudes__trabajos_estado_foreign\" foreign key (\"estado\") references \"estado_solicitud\" (\"id\")) at C:\\Users\\oscar\\OneDrive\\Documentos\\GitHub\\ponylink-backend\\PonyLink\\vendor\\laravel\\framework\\src\\Illuminate\\Database\\Connection.php:825)
[stacktrace]
#0 C:\\Users\\oscar\\OneDrive\\Documentos\\GitHub\\ponylink-backend\\PonyLink\\vendor\\laravel\\framework\\src\\Illuminate\\Database\\Connection.php(779): Illuminate\\Database\\Connection->runQueryCallback()
#1 C:\\Users\\oscar\\OneDrive\\Documentos\\GitHub\\ponylink-backend\\PonyLink\\vendor\\laravel\\framework\\src\\Illuminate\\Database\\Connection.php(560): Illuminate\\Database\\Connection->run()
#2 C:\\Users\\oscar\\OneDrive\\Documentos\\GitHub\\ponylink-backend\\PonyLink\\vendor\\laravel\\framework\\src\\Illuminate\\Database\\Schema\\Blueprint.php(117): Illuminate\\Database\\Connection->statement()
#3 C:\\Users\\oscar\\OneDrive\\Documentos\\GitHub\\ponylink-backend\\PonyLink\\vendor\\laravel\\framework\\src\\Illuminate\\Database\\Schema\\Builder.php(565): Illuminate\\Database\\Schema\\Blueprint->build()
#4 C:\\Users\\oscar\\OneDrive\\Documentos\\GitHub\\ponylink-backend\\PonyLink\\vendor\\laravel\\framework\\src\\Illuminate\\Database\\Schema\\Builder.php(419): Illuminate\\Database\\Schema\\Builder->build()
#5 C:\\Users\\oscar\\OneDrive\\Documentos\\GitHub\\ponylink-backend\\PonyLink\\vendor\\laravel\\framework\\src\\Illuminate\\Support\\Facades\\Facade.php(358): Illuminate\\Database\\Schema\\Builder->create()
#6 C:\\Users\\oscar\\OneDrive\\Documentos\\GitHub\\ponylink-backend\\PonyLink\\database\\migrations\\2024_10_05_045430_create_solicitudes__trabajos_table.php(14): Illuminate\\Support\\Facades\\Facade::__callStatic()
#7 C:\\Users\\oscar\\OneDrive\\Documentos\\GitHub\\ponylink-backend\\PonyLink\\vendor\\laravel\\framework\\src\\Illuminate\\Database\\Migrations\\Migrator.php(475): Illuminate\\Database\\Migrations\\Migration@anonymous->up()
#8 C:\\Users\\oscar\\OneDrive\\Documentos\\GitHub\\ponylink-backend\\PonyLink\\vendor\\laravel\\framework\\src\\Illuminate\\Database\\Migrations\\Migrator.php(400): Illuminate\\Database\\Migrations\\Migrator->runMethod()
#9 C:\\Users\\oscar\\OneDrive\\Documentos\\GitHub\\ponylink-backend\\PonyLink\\vendor\\laravel\\framework\\src\\Illuminate\\Database\\Concerns\\ManagesTransactions.php(30): Illuminate\\Database\\Migrations\\Migrator->Illuminate\\Database\\Migrations\\{closure}()
#10 C:\\Users\\oscar\\OneDrive\\Documentos\\GitHub\\ponylink-backend\\PonyLink\\vendor\\laravel\\framework\\src\\Illuminate\\Database\\Migrations\\Migrator.php(408): Illuminate\\Database\\Connection->transaction()
#11 C:\\Users\\oscar\\OneDrive\\Documentos\\GitHub\\ponylink-backend\\PonyLink\\vendor\\laravel\\framework\\src\\Illuminate\\Database\\Migrations\\Migrator.php(212): Illuminate\\Database\\Migrations\\Migrator->runMigration()
#12 C:\\Users\\oscar\\OneDrive\\Documentos\\GitHub\\ponylink-backend\\PonyLink\\vendor\\laravel\\framework\\src\\Illuminate\\Console\\View\\Components\\Task.php(40): Illuminate\\Database\\Migrations\\Migrator->Illuminate\\Database\\Migrations\\{closure}()
#13 C:\\Users\\oscar\\OneDrive\\Documentos\\GitHub\\ponylink-backend\\PonyLink\\vendor\\laravel\\framework\\src\\Illuminate\\Database\\Migrations\\Migrator.php(736): Illuminate\\Console\\View\\Components\\Task->render()
#14 C:\\Users\\oscar\\OneDrive\\Documentos\\GitHub\\ponylink-backend\\PonyLink\\vendor\\laravel\\framework\\src\\Illuminate\\Database\\Migrations\\Migrator.php(212): Illuminate\\Database\\Migrations\\Migrator->write()
#15 C:\\Users\\oscar\\OneDrive\\Documentos\\GitHub\\ponylink-backend\\PonyLink\\vendor\\laravel\\framework\\src\\Illuminate\\Database\\Migrations\\Migrator.php(179): Illuminate\\Database\\Migrations\\Migrator->runUp()
#16 C:\\Users\\oscar\\OneDrive\\Documentos\\GitHub\\ponylink-backend\\PonyLink\\vendor\\laravel\\framework\\src\\Illuminate\\Database\\Migrations\\Migrator.php(122): Illuminate\\Database\\Migrations\\Migrator->runPending()
#17 C:\\Users\\oscar\\OneDrive\\Documentos\\GitHub\\ponylink-backend\\PonyLink\\vendor\\laravel\\framework\\src\\Illuminate\\Database\\Console\\Migrations\\MigrateCommand.php(116): Illuminate\\Database\\Migrations\\Migrator->run()
#18 C:\\Users\\oscar\\OneDrive\\Documentos\\GitHub\\ponylink-backend\\PonyLink\\vendor\\laravel\\framework\\src\\Illuminate\\Database\\Migrations\\Migrator.php(615): Illuminate\\Database\\Console\\Migrations\\MigrateCommand->Illuminate\\Database\\Console\\Migrations\\{closure}()
#19 C:\\Users\\oscar\\OneDrive\\Documentos\\GitHub\\ponylink-backend\\PonyLink\\vendor\\laravel\\framework\\src\\Illuminate\\Database\\Console\\Migrations\\MigrateCommand.php(109): Illuminate\\Database\\Migrations\\Migrator->usingConnection()
#20 C:\\Users\\oscar\\OneDrive\\Documentos\\GitHub\\ponylink-backend\\PonyLink\\vendor\\laravel\\framework\\src\\Illuminate\\Database\\Console\\Migrations\\MigrateCommand.php(88): Illuminate\\Database\\Console\\Migrations\\MigrateCommand->runMigrations()
#21 C:\\Users\\oscar\\OneDrive\\Documentos\\GitHub\\ponylink-backend\\PonyLink\\vendor\\laravel\\framework\\src\\Illuminate\\Container\\BoundMethod.php(36): Illuminate\\Database\\Console\\Migrations\\MigrateCommand->handle()
#22 C:\\Users\\oscar\\OneDrive\\Documentos\\GitHub\\ponylink-backend\\PonyLink\\vendor\\laravel\\framework\\src\\Illuminate\\Container\\Util.php(43): Illuminate\\Container\\BoundMethod::Illuminate\\Container\\{closure}()
#23 C:\\Users\\oscar\\OneDrive\\Documentos\\GitHub\\ponylink-backend\\PonyLink\\vendor\\laravel\\framework\\src\\Illuminate\\Container\\BoundMethod.php(95): Illuminate\\Container\\Util::unwrapIfClosure()
#24 C:\\Users\\oscar\\OneDrive\\Documentos\\GitHub\\ponylink-backend\\PonyLink\\vendor\\laravel\\framework\\src\\Illuminate\\Container\\BoundMethod.php(35): Illuminate\\Container\\BoundMethod::callBoundMethod()
#25 C:\\Users\\oscar\\OneDrive\\Documentos\\GitHub\\ponylink-backend\\PonyLink\\vendor\\laravel\\framework\\src\\Illuminate\\Container\\Container.php(690): Illuminate\\Container\\BoundMethod::call()
#26 C:\\Users\\oscar\\OneDrive\\Documentos\\GitHub\\ponylink-backend\\PonyLink\\vendor\\laravel\\framework\\src\\Illuminate\\Console\\Command.php(213): Illuminate\\Container\\Container->call()
#27 C:\\Users\\oscar\\OneDrive\\Documentos\\GitHub\\ponylink-backend\\PonyLink\\vendor\\symfony\\console\\Command\\Command.php(279): Illuminate\\Console\\Command->execute()
#28 C:\\Users\\oscar\\OneDrive\\Documentos\\GitHub\\ponylink-backend\\PonyLink\\vendor\\laravel\\framework\\src\\Illuminate\\Console\\Command.php(182): Symfony\\Component\\Console\\Command\\Command->run()
#29 C:\\Users\\oscar\\OneDrive\\Documentos\\GitHub\\ponylink-backend\\PonyLink\\vendor\\symfony\\console\\Application.php(1047): Illuminate\\Console\\Command->run()
#30 C:\\Users\\oscar\\OneDrive\\Documentos\\GitHub\\ponylink-backend\\PonyLink\\vendor\\symfony\\console\\Application.php(316): Symfony\\Component\\Console\\Application->doRunCommand()
#31 C:\\Users\\oscar\\OneDrive\\Documentos\\GitHub\\ponylink-backend\\PonyLink\\vendor\\symfony\\console\\Application.php(167): Symfony\\Component\\Console\\Application->doRun()
#32 C:\\Users\\oscar\\OneDrive\\Documentos\\GitHub\\ponylink-backend\\PonyLink\\vendor\\laravel\\framework\\src\\Illuminate\\Foundation\\Console\\Kernel.php(197): Symfony\\Component\\Console\\Application->run()
#33 C:\\Users\\oscar\\OneDrive\\Documentos\\GitHub\\ponylink-backend\\PonyLink\\vendor\\laravel\\framework\\src\\Illuminate\\Foundation\\Application.php(1203): Illuminate\\Foundation\\Console\\Kernel->handle()
#34 C:\\Users\\oscar\\OneDrive\\Documentos\\GitHub\\ponylink-backend\\PonyLink\\artisan(13): Illuminate\\Foundation\\Application->handleCommand()
#35 {main}

[previous exception] [object] (PDOException(code: 42P01): SQLSTATE[42P01]: Undefined table: 7 ERROR:  no existe la relación «estado_solicitud» at C:\\Users\\oscar\\OneDrive\\Documentos\\GitHub\\ponylink-backend\\PonyLink\\vendor\\laravel\\framework\\src\\Illuminate\\Database\\Connection.php:571)
[stacktrace]
#0 C:\\Users\\oscar\\OneDrive\\Documentos\\GitHub\\ponylink-backend\\PonyLink\\vendor\\laravel\\framework\\src\\Illuminate\\Database\\Connection.php(571): PDOStatement->execute()
#1 C:\\Users\\oscar\\OneDrive\\Documentos\\GitHub\\ponylink-backend\\PonyLink\\vendor\\laravel\\framework\\src\\Illuminate\\Database\\Connection.php(812): Illuminate\\Database\\Connection->Illuminate\\Database\\{closure}()
#2 C:\\Users\\oscar\\OneDrive\\Documentos\\GitHub\\ponylink-backend\\PonyLink\\vendor\\laravel\\framework\\src\\Illuminate\\Database\\Connection.php(779): Illuminate\\Database\\Connection->runQueryCallback()
#3 C:\\Users\\oscar\\OneDrive\\Documentos\\GitHub\\ponylink-backend\\PonyLink\\vendor\\laravel\\framework\\src\\Illuminate\\Database\\Connection.php(560): Illuminate\\Database\\Connection->run()
#4 C:\\Users\\oscar\\OneDrive\\Documentos\\GitHub\\ponylink-backend\\PonyLink\\vendor\\laravel\\framework\\src\\Illuminate\\Database\\Schema\\Blueprint.php(117): Illuminate\\Database\\Connection->statement()
#5 C:\\Users\\oscar\\OneDrive\\Documentos\\GitHub\\ponylink-backend\\PonyLink\\vendor\\laravel\\framework\\src\\Illuminate\\Database\\Schema\\Builder.php(565): Illuminate\\Database\\Schema\\Blueprint->build()
#6 C:\\Users\\oscar\\OneDrive\\Documentos\\GitHub\\ponylink-backend\\PonyLink\\vendor\\laravel\\framework\\src\\Illuminate\\Database\\Schema\\Builder.php(419): Illuminate\\Database\\Schema\\Builder->build()
#7 C:\\Users\\oscar\\OneDrive\\Documentos\\GitHub\\ponylink-backend\\PonyLink\\vendor\\laravel\\framework\\src\\Illuminate\\Support\\Facades\\Facade.php(358): Illuminate\\Database\\Schema\\Builder->create()
#8 C:\\Users\\oscar\\OneDrive\\Documentos\\GitHub\\ponylink-backend\\PonyLink\\database\\migrations\\2024_10_05_045430_create_solicitudes__trabajos_table.php(14): Illuminate\\Support\\Facades\\Facade::__callStatic()
#9 C:\\Users\\oscar\\OneDrive\\Documentos\\GitHub\\ponylink-backend\\PonyLink\\vendor\\laravel\\framework\\src\\Illuminate\\Database\\Migrations\\Migrator.php(475): Illuminate\\Database\\Migrations\\Migration@anonymous->up()
#10 C:\\Users\\oscar\\OneDrive\\Documentos\\GitHub\\ponylink-backend\\PonyLink\\vendor\\laravel\\framework\\src\\Illuminate\\Database\\Migrations\\Migrator.php(400): Illuminate\\Database\\Migrations\\Migrator->runMethod()
#11 C:\\Users\\oscar\\OneDrive\\Documentos\\GitHub\\ponylink-backend\\PonyLink\\vendor\\laravel\\framework\\src\\Illuminate\\Database\\Concerns\\ManagesTransactions.php(30): Illuminate\\Database\\Migrations\\Migrator->Illuminate\\Database\\Migrations\\{closure}()
#12 C:\\Users\\oscar\\OneDrive\\Documentos\\GitHub\\ponylink-backend\\PonyLink\\vendor\\laravel\\framework\\src\\Illuminate\\Database\\Migrations\\Migrator.php(408): Illuminate\\Database\\Connection->transaction()
#13 C:\\Users\\oscar\\OneDrive\\Documentos\\GitHub\\ponylink-backend\\PonyLink\\vendor\\laravel\\framework\\src\\Illuminate\\Database\\Migrations\\Migrator.php(212): Illuminate\\Database\\Migrations\\Migrator->runMigration()
#14 C:\\Users\\oscar\\OneDrive\\Documentos\\GitHub\\ponylink-backend\\PonyLink\\vendor\\laravel\\framework\\src\\Illuminate\\Console\\View\\Components\\Task.php(40): Illuminate\\Database\\Migrations\\Migrator->Illuminate\\Database\\Migrations\\{closure}()
#15 C:\\Users\\oscar\\OneDrive\\Documentos\\GitHub\\ponylink-backend\\PonyLink\\vendor\\laravel\\framework\\src\\Illuminate\\Database\\Migrations\\Migrator.php(736): Illuminate\\Console\\View\\Components\\Task->render()
#16 C:\\Users\\oscar\\OneDrive\\Documentos\\GitHub\\ponylink-backend\\PonyLink\\vendor\\laravel\\framework\\src\\Illuminate\\Database\\Migrations\\Migrator.php(212): Illuminate\\Database\\Migrations\\Migrator->write()
#17 C:\\Users\\oscar\\OneDrive\\Documentos\\GitHub\\ponylink-backend\\PonyLink\\vendor\\laravel\\framework\\src\\Illuminate\\Database\\Migrations\\Migrator.php(179): Illuminate\\Database\\Migrations\\Migrator->runUp()
#18 C:\\Users\\oscar\\OneDrive\\Documentos\\GitHub\\ponylink-backend\\PonyLink\\vendor\\laravel\\framework\\src\\Illuminate\\Database\\Migrations\\Migrator.php(122): Illuminate\\Database\\Migrations\\Migrator->runPending()
#19 C:\\Users\\oscar\\OneDrive\\Documentos\\GitHub\\ponylink-backend\\PonyLink\\vendor\\laravel\\framework\\src\\Illuminate\\Database\\Console\\Migrations\\MigrateCommand.php(116): Illuminate\\Database\\Migrations\\Migrator->run()
#20 C:\\Users\\oscar\\OneDrive\\Documentos\\GitHub\\ponylink-backend\\PonyLink\\vendor\\laravel\\framework\\src\\Illuminate\\Database\\Migrations\\Migrator.php(615): Illuminate\\Database\\Console\\Migrations\\MigrateCommand->Illuminate\\Database\\Console\\Migrations\\{closure}()
#21 C:\\Users\\oscar\\OneDrive\\Documentos\\GitHub\\ponylink-backend\\PonyLink\\vendor\\laravel\\framework\\src\\Illuminate\\Database\\Console\\Migrations\\MigrateCommand.php(109): Illuminate\\Database\\Migrations\\Migrator->usingConnection()
#22 C:\\Users\\oscar\\OneDrive\\Documentos\\GitHub\\ponylink-backend\\PonyLink\\vendor\\laravel\\framework\\src\\Illuminate\\Database\\Console\\Migrations\\MigrateCommand.php(88): Illuminate\\Database\\Console\\Migrations\\MigrateCommand->runMigrations()
#23 C:\\Users\\oscar\\OneDrive\\Documentos\\GitHub\\ponylink-backend\\PonyLink\\vendor\\laravel\\framework\\src\\Illuminate\\Container\\BoundMethod.php(36): Illuminate\\Database\\Console\\Migrations\\MigrateCommand->handle()
#24 C:\\Users\\oscar\\OneDrive\\Documentos\\GitHub\\ponylink-backend\\PonyLink\\vendor\\laravel\\framework\\src\\Illuminate\\Container\\Util.php(43): Illuminate\\Container\\BoundMethod::Illuminate\\Container\\{closure}()
#25 C:\\Users\\oscar\\OneDrive\\Documentos\\GitHub\\ponylink-backend\\PonyLink\\vendor\\laravel\\framework\\src\\Illuminate\\Container\\BoundMethod.php(95): Illuminate\\Container\\Util::unwrapIfClosure()
#26 C:\\Users\\oscar\\OneDrive\\Documentos\\GitHub\\ponylink-backend\\PonyLink\\vendor\\laravel\\framework\\src\\Illuminate\\Container\\BoundMethod.php(35): Illuminate\\Container\\BoundMethod::callBoundMethod()
#27 C:\\Users\\oscar\\OneDrive\\Documentos\\GitHub\\ponylink-backend\\PonyLink\\vendor\\laravel\\framework\\src\\Illuminate\\Container\\Container.php(690): Illuminate\\Container\\BoundMethod::call()
#28 C:\\Users\\oscar\\OneDrive\\Documentos\\GitHub\\ponylink-backend\\PonyLink\\vendor\\laravel\\framework\\src\\Illuminate\\Console\\Command.php(213): Illuminate\\Container\\Container->call()
#29 C:\\Users\\oscar\\OneDrive\\Documentos\\GitHub\\ponylink-backend\\PonyLink\\vendor\\symfony\\console\\Command\\Command.php(279): Illuminate\\Console\\Command->execute()
#30 C:\\Users\\oscar\\OneDrive\\Documentos\\GitHub\\ponylink-backend\\PonyLink\\vendor\\laravel\\framework\\src\\Illuminate\\Console\\Command.php(182): Symfony\\Component\\Console\\Command\\Command->run()
#31 C:\\Users\\oscar\\OneDrive\\Documentos\\GitHub\\ponylink-backend\\PonyLink\\vendor\\symfony\\console\\Application.php(1047): Illuminate\\Console\\Command->run()
#32 C:\\Users\\oscar\\OneDrive\\Documentos\\GitHub\\ponylink-backend\\PonyLink\\vendor\\symfony\\console\\Application.php(316): Symfony\\Component\\Console\\Application->doRunCommand()
#33 C:\\Users\\oscar\\OneDrive\\Documentos\\GitHub\\ponylink-backend\\PonyLink\\vendor\\symfony\\console\\Application.php(167): Symfony\\Component\\Console\\Application->doRun()
#34 C:\\Users\\oscar\\OneDrive\\Documentos\\GitHub\\ponylink-backend\\PonyLink\\vendor\\laravel\\framework\\src\\Illuminate\\Foundation\\Console\\Kernel.php(197): Symfony\\Component\\Console\\Application->run()
#35 C:\\Users\\oscar\\OneDrive\\Documentos\\GitHub\\ponylink-backend\\PonyLink\\vendor\\laravel\\framework\\src\\Illuminate\\Foundation\\Application.php(1203): Illuminate\\Foundation\\Console\\Kernel->handle()
#36 C:\\Users\\oscar\\OneDrive\\Documentos\\GitHub\\ponylink-backend\\PonyLink\\artisan(13): Illuminate\\Foundation\\Application->handleCommand()
#37 {main}
"} 
[2024-10-06 04:46:05] local.ERROR: SQLSTATE[42P01]: Undefined table: 7 ERROR:  no existe la relación «conservacion» (Connection: pgsql, SQL: alter table "mensajes" add constraint "mensajes_conversacion_id_foreign" foreign key ("conversacion_id") references "conservacion" ("id")) {"exception":"[object] (Illuminate\\Database\\QueryException(code: 42P01): SQLSTATE[42P01]: Undefined table: 7 ERROR:  no existe la relación «conservacion» (Connection: pgsql, SQL: alter table \"mensajes\" add constraint \"mensajes_conversacion_id_foreign\" foreign key (\"conversacion_id\") references \"conservacion\" (\"id\")) at C:\\Users\\oscar\\OneDrive\\Documentos\\GitHub\\ponylink-backend\\PonyLink\\vendor\\laravel\\framework\\src\\Illuminate\\Database\\Connection.php:825)
[stacktrace]
#0 C:\\Users\\oscar\\OneDrive\\Documentos\\GitHub\\ponylink-backend\\PonyLink\\vendor\\laravel\\framework\\src\\Illuminate\\Database\\Connection.php(779): Illuminate\\Database\\Connection->runQueryCallback()
#1 C:\\Users\\oscar\\OneDrive\\Documentos\\GitHub\\ponylink-backend\\PonyLink\\vendor\\laravel\\framework\\src\\Illuminate\\Database\\Connection.php(560): Illuminate\\Database\\Connection->run()
#2 C:\\Users\\oscar\\OneDrive\\Documentos\\GitHub\\ponylink-backend\\PonyLink\\vendor\\laravel\\framework\\src\\Illuminate\\Database\\Schema\\Blueprint.php(117): Illuminate\\Database\\Connection->statement()
#3 C:\\Users\\oscar\\OneDrive\\Documentos\\GitHub\\ponylink-backend\\PonyLink\\vendor\\laravel\\framework\\src\\Illuminate\\Database\\Schema\\Builder.php(565): Illuminate\\Database\\Schema\\Blueprint->build()
#4 C:\\Users\\oscar\\OneDrive\\Documentos\\GitHub\\ponylink-backend\\PonyLink\\vendor\\laravel\\framework\\src\\Illuminate\\Database\\Schema\\Builder.php(419): Illuminate\\Database\\Schema\\Builder->build()
#5 C:\\Users\\oscar\\OneDrive\\Documentos\\GitHub\\ponylink-backend\\PonyLink\\vendor\\laravel\\framework\\src\\Illuminate\\Support\\Facades\\Facade.php(358): Illuminate\\Database\\Schema\\Builder->create()
#6 C:\\Users\\oscar\\OneDrive\\Documentos\\GitHub\\ponylink-backend\\PonyLink\\database\\migrations\\2024_10_05_045504_create_mensajes_table.php(14): Illuminate\\Support\\Facades\\Facade::__callStatic()
#7 C:\\Users\\oscar\\OneDrive\\Documentos\\GitHub\\ponylink-backend\\PonyLink\\vendor\\laravel\\framework\\src\\Illuminate\\Database\\Migrations\\Migrator.php(475): Illuminate\\Database\\Migrations\\Migration@anonymous->up()
#8 C:\\Users\\oscar\\OneDrive\\Documentos\\GitHub\\ponylink-backend\\PonyLink\\vendor\\laravel\\framework\\src\\Illuminate\\Database\\Migrations\\Migrator.php(400): Illuminate\\Database\\Migrations\\Migrator->runMethod()
#9 C:\\Users\\oscar\\OneDrive\\Documentos\\GitHub\\ponylink-backend\\PonyLink\\vendor\\laravel\\framework\\src\\Illuminate\\Database\\Concerns\\ManagesTransactions.php(30): Illuminate\\Database\\Migrations\\Migrator->Illuminate\\Database\\Migrations\\{closure}()
#10 C:\\Users\\oscar\\OneDrive\\Documentos\\GitHub\\ponylink-backend\\PonyLink\\vendor\\laravel\\framework\\src\\Illuminate\\Database\\Migrations\\Migrator.php(408): Illuminate\\Database\\Connection->transaction()
#11 C:\\Users\\oscar\\OneDrive\\Documentos\\GitHub\\ponylink-backend\\PonyLink\\vendor\\laravel\\framework\\src\\Illuminate\\Database\\Migrations\\Migrator.php(212): Illuminate\\Database\\Migrations\\Migrator->runMigration()
#12 C:\\Users\\oscar\\OneDrive\\Documentos\\GitHub\\ponylink-backend\\PonyLink\\vendor\\laravel\\framework\\src\\Illuminate\\Console\\View\\Components\\Task.php(40): Illuminate\\Database\\Migrations\\Migrator->Illuminate\\Database\\Migrations\\{closure}()
#13 C:\\Users\\oscar\\OneDrive\\Documentos\\GitHub\\ponylink-backend\\PonyLink\\vendor\\laravel\\framework\\src\\Illuminate\\Database\\Migrations\\Migrator.php(736): Illuminate\\Console\\View\\Components\\Task->render()
#14 C:\\Users\\oscar\\OneDrive\\Documentos\\GitHub\\ponylink-backend\\PonyLink\\vendor\\laravel\\framework\\src\\Illuminate\\Database\\Migrations\\Migrator.php(212): Illuminate\\Database\\Migrations\\Migrator->write()
#15 C:\\Users\\oscar\\OneDrive\\Documentos\\GitHub\\ponylink-backend\\PonyLink\\vendor\\laravel\\framework\\src\\Illuminate\\Database\\Migrations\\Migrator.php(179): Illuminate\\Database\\Migrations\\Migrator->runUp()
#16 C:\\Users\\oscar\\OneDrive\\Documentos\\GitHub\\ponylink-backend\\PonyLink\\vendor\\laravel\\framework\\src\\Illuminate\\Database\\Migrations\\Migrator.php(122): Illuminate\\Database\\Migrations\\Migrator->runPending()
#17 C:\\Users\\oscar\\OneDrive\\Documentos\\GitHub\\ponylink-backend\\PonyLink\\vendor\\laravel\\framework\\src\\Illuminate\\Database\\Console\\Migrations\\MigrateCommand.php(116): Illuminate\\Database\\Migrations\\Migrator->run()
#18 C:\\Users\\oscar\\OneDrive\\Documentos\\GitHub\\ponylink-backend\\PonyLink\\vendor\\laravel\\framework\\src\\Illuminate\\Database\\Migrations\\Migrator.php(615): Illuminate\\Database\\Console\\Migrations\\MigrateCommand->Illuminate\\Database\\Console\\Migrations\\{closure}()
#19 C:\\Users\\oscar\\OneDrive\\Documentos\\GitHub\\ponylink-backend\\PonyLink\\vendor\\laravel\\framework\\src\\Illuminate\\Database\\Console\\Migrations\\MigrateCommand.php(109): Illuminate\\Database\\Migrations\\Migrator->usingConnection()
#20 C:\\Users\\oscar\\OneDrive\\Documentos\\GitHub\\ponylink-backend\\PonyLink\\vendor\\laravel\\framework\\src\\Illuminate\\Database\\Console\\Migrations\\MigrateCommand.php(88): Illuminate\\Database\\Console\\Migrations\\MigrateCommand->runMigrations()
#21 C:\\Users\\oscar\\OneDrive\\Documentos\\GitHub\\ponylink-backend\\PonyLink\\vendor\\laravel\\framework\\src\\Illuminate\\Container\\BoundMethod.php(36): Illuminate\\Database\\Console\\Migrations\\MigrateCommand->handle()
#22 C:\\Users\\oscar\\OneDrive\\Documentos\\GitHub\\ponylink-backend\\PonyLink\\vendor\\laravel\\framework\\src\\Illuminate\\Container\\Util.php(43): Illuminate\\Container\\BoundMethod::Illuminate\\Container\\{closure}()
#23 C:\\Users\\oscar\\OneDrive\\Documentos\\GitHub\\ponylink-backend\\PonyLink\\vendor\\laravel\\framework\\src\\Illuminate\\Container\\BoundMethod.php(95): Illuminate\\Container\\Util::unwrapIfClosure()
#24 C:\\Users\\oscar\\OneDrive\\Documentos\\GitHub\\ponylink-backend\\PonyLink\\vendor\\laravel\\framework\\src\\Illuminate\\Container\\BoundMethod.php(35): Illuminate\\Container\\BoundMethod::callBoundMethod()
#25 C:\\Users\\oscar\\OneDrive\\Documentos\\GitHub\\ponylink-backend\\PonyLink\\vendor\\laravel\\framework\\src\\Illuminate\\Container\\Container.php(690): Illuminate\\Container\\BoundMethod::call()
#26 C:\\Users\\oscar\\OneDrive\\Documentos\\GitHub\\ponylink-backend\\PonyLink\\vendor\\laravel\\framework\\src\\Illuminate\\Console\\Command.php(213): Illuminate\\Container\\Container->call()
#27 C:\\Users\\oscar\\OneDrive\\Documentos\\GitHub\\ponylink-backend\\PonyLink\\vendor\\symfony\\console\\Command\\Command.php(279): Illuminate\\Console\\Command->execute()
#28 C:\\Users\\oscar\\OneDrive\\Documentos\\GitHub\\ponylink-backend\\PonyLink\\vendor\\laravel\\framework\\src\\Illuminate\\Console\\Command.php(182): Symfony\\Component\\Console\\Command\\Command->run()
#29 C:\\Users\\oscar\\OneDrive\\Documentos\\GitHub\\ponylink-backend\\PonyLink\\vendor\\symfony\\console\\Application.php(1047): Illuminate\\Console\\Command->run()
#30 C:\\Users\\oscar\\OneDrive\\Documentos\\GitHub\\ponylink-backend\\PonyLink\\vendor\\symfony\\console\\Application.php(316): Symfony\\Component\\Console\\Application->doRunCommand()
#31 C:\\Users\\oscar\\OneDrive\\Documentos\\GitHub\\ponylink-backend\\PonyLink\\vendor\\symfony\\console\\Application.php(167): Symfony\\Component\\Console\\Application->doRun()
#32 C:\\Users\\oscar\\OneDrive\\Documentos\\GitHub\\ponylink-backend\\PonyLink\\vendor\\laravel\\framework\\src\\Illuminate\\Foundation\\Console\\Kernel.php(197): Symfony\\Component\\Console\\Application->run()
#33 C:\\Users\\oscar\\OneDrive\\Documentos\\GitHub\\ponylink-backend\\PonyLink\\vendor\\laravel\\framework\\src\\Illuminate\\Foundation\\Application.php(1203): Illuminate\\Foundation\\Console\\Kernel->handle()
#34 C:\\Users\\oscar\\OneDrive\\Documentos\\GitHub\\ponylink-backend\\PonyLink\\artisan(13): Illuminate\\Foundation\\Application->handleCommand()
#35 {main}

[previous exception] [object] (PDOException(code: 42P01): SQLSTATE[42P01]: Undefined table: 7 ERROR:  no existe la relación «conservacion» at C:\\Users\\oscar\\OneDrive\\Documentos\\GitHub\\ponylink-backend\\PonyLink\\vendor\\laravel\\framework\\src\\Illuminate\\Database\\Connection.php:571)
[stacktrace]
#0 C:\\Users\\oscar\\OneDrive\\Documentos\\GitHub\\ponylink-backend\\PonyLink\\vendor\\laravel\\framework\\src\\Illuminate\\Database\\Connection.php(571): PDOStatement->execute()
#1 C:\\Users\\oscar\\OneDrive\\Documentos\\GitHub\\ponylink-backend\\PonyLink\\vendor\\laravel\\framework\\src\\Illuminate\\Database\\Connection.php(812): Illuminate\\Database\\Connection->Illuminate\\Database\\{closure}()
#2 C:\\Users\\oscar\\OneDrive\\Documentos\\GitHub\\ponylink-backend\\PonyLink\\vendor\\laravel\\framework\\src\\Illuminate\\Database\\Connection.php(779): Illuminate\\Database\\Connection->runQueryCallback()
#3 C:\\Users\\oscar\\OneDrive\\Documentos\\GitHub\\ponylink-backend\\PonyLink\\vendor\\laravel\\framework\\src\\Illuminate\\Database\\Connection.php(560): Illuminate\\Database\\Connection->run()
#4 C:\\Users\\oscar\\OneDrive\\Documentos\\GitHub\\ponylink-backend\\PonyLink\\vendor\\laravel\\framework\\src\\Illuminate\\Database\\Schema\\Blueprint.php(117): Illuminate\\Database\\Connection->statement()
#5 C:\\Users\\oscar\\OneDrive\\Documentos\\GitHub\\ponylink-backend\\PonyLink\\vendor\\laravel\\framework\\src\\Illuminate\\Database\\Schema\\Builder.php(565): Illuminate\\Database\\Schema\\Blueprint->build()
#6 C:\\Users\\oscar\\OneDrive\\Documentos\\GitHub\\ponylink-backend\\PonyLink\\vendor\\laravel\\framework\\src\\Illuminate\\Database\\Schema\\Builder.php(419): Illuminate\\Database\\Schema\\Builder->build()
#7 C:\\Users\\oscar\\OneDrive\\Documentos\\GitHub\\ponylink-backend\\PonyLink\\vendor\\laravel\\framework\\src\\Illuminate\\Support\\Facades\\Facade.php(358): Illuminate\\Database\\Schema\\Builder->create()
#8 C:\\Users\\oscar\\OneDrive\\Documentos\\GitHub\\ponylink-backend\\PonyLink\\database\\migrations\\2024_10_05_045504_create_mensajes_table.php(14): Illuminate\\Support\\Facades\\Facade::__callStatic()
#9 C:\\Users\\oscar\\OneDrive\\Documentos\\GitHub\\ponylink-backend\\PonyLink\\vendor\\laravel\\framework\\src\\Illuminate\\Database\\Migrations\\Migrator.php(475): Illuminate\\Database\\Migrations\\Migration@anonymous->up()
#10 C:\\Users\\oscar\\OneDrive\\Documentos\\GitHub\\ponylink-backend\\PonyLink\\vendor\\laravel\\framework\\src\\Illuminate\\Database\\Migrations\\Migrator.php(400): Illuminate\\Database\\Migrations\\Migrator->runMethod()
#11 C:\\Users\\oscar\\OneDrive\\Documentos\\GitHub\\ponylink-backend\\PonyLink\\vendor\\laravel\\framework\\src\\Illuminate\\Database\\Concerns\\ManagesTransactions.php(30): Illuminate\\Database\\Migrations\\Migrator->Illuminate\\Database\\Migrations\\{closure}()
#12 C:\\Users\\oscar\\OneDrive\\Documentos\\GitHub\\ponylink-backend\\PonyLink\\vendor\\laravel\\framework\\src\\Illuminate\\Database\\Migrations\\Migrator.php(408): Illuminate\\Database\\Connection->transaction()
#13 C:\\Users\\oscar\\OneDrive\\Documentos\\GitHub\\ponylink-backend\\PonyLink\\vendor\\laravel\\framework\\src\\Illuminate\\Database\\Migrations\\Migrator.php(212): Illuminate\\Database\\Migrations\\Migrator->runMigration()
#14 C:\\Users\\oscar\\OneDrive\\Documentos\\GitHub\\ponylink-backend\\PonyLink\\vendor\\laravel\\framework\\src\\Illuminate\\Console\\View\\Components\\Task.php(40): Illuminate\\Database\\Migrations\\Migrator->Illuminate\\Database\\Migrations\\{closure}()
#15 C:\\Users\\oscar\\OneDrive\\Documentos\\GitHub\\ponylink-backend\\PonyLink\\vendor\\laravel\\framework\\src\\Illuminate\\Database\\Migrations\\Migrator.php(736): Illuminate\\Console\\View\\Components\\Task->render()
#16 C:\\Users\\oscar\\OneDrive\\Documentos\\GitHub\\ponylink-backend\\PonyLink\\vendor\\laravel\\framework\\src\\Illuminate\\Database\\Migrations\\Migrator.php(212): Illuminate\\Database\\Migrations\\Migrator->write()
#17 C:\\Users\\oscar\\OneDrive\\Documentos\\GitHub\\ponylink-backend\\PonyLink\\vendor\\laravel\\framework\\src\\Illuminate\\Database\\Migrations\\Migrator.php(179): Illuminate\\Database\\Migrations\\Migrator->runUp()
#18 C:\\Users\\oscar\\OneDrive\\Documentos\\GitHub\\ponylink-backend\\PonyLink\\vendor\\laravel\\framework\\src\\Illuminate\\Database\\Migrations\\Migrator.php(122): Illuminate\\Database\\Migrations\\Migrator->runPending()
#19 C:\\Users\\oscar\\OneDrive\\Documentos\\GitHub\\ponylink-backend\\PonyLink\\vendor\\laravel\\framework\\src\\Illuminate\\Database\\Console\\Migrations\\MigrateCommand.php(116): Illuminate\\Database\\Migrations\\Migrator->run()
#20 C:\\Users\\oscar\\OneDrive\\Documentos\\GitHub\\ponylink-backend\\PonyLink\\vendor\\laravel\\framework\\src\\Illuminate\\Database\\Migrations\\Migrator.php(615): Illuminate\\Database\\Console\\Migrations\\MigrateCommand->Illuminate\\Database\\Console\\Migrations\\{closure}()
#21 C:\\Users\\oscar\\OneDrive\\Documentos\\GitHub\\ponylink-backend\\PonyLink\\vendor\\laravel\\framework\\src\\Illuminate\\Database\\Console\\Migrations\\MigrateCommand.php(109): Illuminate\\Database\\Migrations\\Migrator->usingConnection()
#22 C:\\Users\\oscar\\OneDrive\\Documentos\\GitHub\\ponylink-backend\\PonyLink\\vendor\\laravel\\framework\\src\\Illuminate\\Database\\Console\\Migrations\\MigrateCommand.php(88): Illuminate\\Database\\Console\\Migrations\\MigrateCommand->runMigrations()
#23 C:\\Users\\oscar\\OneDrive\\Documentos\\GitHub\\ponylink-backend\\PonyLink\\vendor\\laravel\\framework\\src\\Illuminate\\Container\\BoundMethod.php(36): Illuminate\\Database\\Console\\Migrations\\MigrateCommand->handle()
#24 C:\\Users\\oscar\\OneDrive\\Documentos\\GitHub\\ponylink-backend\\PonyLink\\vendor\\laravel\\framework\\src\\Illuminate\\Container\\Util.php(43): Illuminate\\Container\\BoundMethod::Illuminate\\Container\\{closure}()
#25 C:\\Users\\oscar\\OneDrive\\Documentos\\GitHub\\ponylink-backend\\PonyLink\\vendor\\laravel\\framework\\src\\Illuminate\\Container\\BoundMethod.php(95): Illuminate\\Container\\Util::unwrapIfClosure()
#26 C:\\Users\\oscar\\OneDrive\\Documentos\\GitHub\\ponylink-backend\\PonyLink\\vendor\\laravel\\framework\\src\\Illuminate\\Container\\BoundMethod.php(35): Illuminate\\Container\\BoundMethod::callBoundMethod()
#27 C:\\Users\\oscar\\OneDrive\\Documentos\\GitHub\\ponylink-backend\\PonyLink\\vendor\\laravel\\framework\\src\\Illuminate\\Container\\Container.php(690): Illuminate\\Container\\BoundMethod::call()
#28 C:\\Users\\oscar\\OneDrive\\Documentos\\GitHub\\ponylink-backend\\PonyLink\\vendor\\laravel\\framework\\src\\Illuminate\\Console\\Command.php(213): Illuminate\\Container\\Container->call()
#29 C:\\Users\\oscar\\OneDrive\\Documentos\\GitHub\\ponylink-backend\\PonyLink\\vendor\\symfony\\console\\Command\\Command.php(279): Illuminate\\Console\\Command->execute()
#30 C:\\Users\\oscar\\OneDrive\\Documentos\\GitHub\\ponylink-backend\\PonyLink\\vendor\\laravel\\framework\\src\\Illuminate\\Console\\Command.php(182): Symfony\\Component\\Console\\Command\\Command->run()
#31 C:\\Users\\oscar\\OneDrive\\Documentos\\GitHub\\ponylink-backend\\PonyLink\\vendor\\symfony\\console\\Application.php(1047): Illuminate\\Console\\Command->run()
#32 C:\\Users\\oscar\\OneDrive\\Documentos\\GitHub\\ponylink-backend\\PonyLink\\vendor\\symfony\\console\\Application.php(316): Symfony\\Component\\Console\\Application->doRunCommand()
#33 C:\\Users\\oscar\\OneDrive\\Documentos\\GitHub\\ponylink-backend\\PonyLink\\vendor\\symfony\\console\\Application.php(167): Symfony\\Component\\Console\\Application->doRun()
#34 C:\\Users\\oscar\\OneDrive\\Documentos\\GitHub\\ponylink-backend\\PonyLink\\vendor\\laravel\\framework\\src\\Illuminate\\Foundation\\Console\\Kernel.php(197): Symfony\\Component\\Console\\Application->run()
#35 C:\\Users\\oscar\\OneDrive\\Documentos\\GitHub\\ponylink-backend\\PonyLink\\vendor\\laravel\\framework\\src\\Illuminate\\Foundation\\Application.php(1203): Illuminate\\Foundation\\Console\\Kernel->handle()
#36 C:\\Users\\oscar\\OneDrive\\Documentos\\GitHub\\ponylink-backend\\PonyLink\\artisan(13): Illuminate\\Foundation\\Application->handleCommand()
#37 {main}
"} 
